CHANGE LOG
----------

	home.js
	-------
		### UPDATES - 4/23/2018 ###
		#
		#	maintab_sel(...)
		#		included active Tab highlighting, added index parameter
		#
		#	added infotab_sel(...)
		#		need to implement expand() and collapse()
		
	menu-1.4.py
	-----------
		### UPDATES - 03/15/2019 ###
		#
		#	get_obs()
		#		updated archive logic
		#		initializes to false in constructor
		#		added SBFRNT to petig
		#
		#	day_menu()
		#		added archive = True to "6" selection logic
		#
		
		### UPDATES - 03/05/2019 ###
		#
		#	get_obs()
		#		HGHCHG is no longer available with filled colors ( ..._sf.gif )
		
		### UPDATES - 12/06/2018 ###
		#
		#	get_obs()
		#		added H9TADV
		#		added 3CAPE
		#		added 3KmC&V
		#
		#	write_file(...)
		#		changed path to hhZdd
				
		### UPDATES - 11/11/2018 ###
		#
		#	__init(...)__
		#		added SPCdate to pull from SPC Meso page	
		#
		#	get_obs()
		#		set default parameters to petig; removed petig from severe and winter lists
		#		changed parameter list append operations
		#		added MIXAVG to thermo
		#		changed fyle name to use SPCdate
		#
		#	aut_menu()
		#		included SPCdate to grab proper date if automation runs into new day
				
		### UPDATES - 10/12/2018 ###
		#
		#	get_obs()
		#		added 3KmSHR to petig
		
		### UPDATES - 9/07/2018 ###
		#
		#	get_obs()
		#		added H9FRNT to petig
		
		### UPDATES - 9/04/2018 ###
		#
		#	get_obs()
		#		added H8TRANS to petig
		#		added H9TRANS to petig
		#
		#	obs_menu()
		#		removed H8TRANS from hazards list
		
		### UPDATES - 6/29/2018 ###
		#
		#	sec_menu()
		#		added N. Plains region
		
		### UPDATES - 5/24/2018 ###
		#
		#	sec_menu() ;formerly haz_menu()
		#		allow for multiple sectors; need error handling
		#		moved sector dictionary from get_obs() to sec_menu()
		#
		#	obs_menu()
		#		added MLCSHR to optional hazards
		#		added MSTRCN to petigre dict
		
		### UPDATES - 6/25/2018 ###
		#
		#	get_obs()
		#		added THETAE to thermo dict
				
	
	
	menu-1.3.py
	-----------
		### UPDATES - 5/22/2018 ###
		#
		#	added aut_menu()
		#
		
		### UPDATES - 4/24/2018 ###
		#
		#	get_obs() & obs_menu()
		#		added H8CONV to hazards
		#
		#	__init(...)__
		#		initialize variables inside constructor
		#
		
		### UPDATES - 7/14/2017 ###
		#
		#	get_obs()
		#		added H8TRANS to hazards
		#		added MIX to thermo
		#		added CRSOVR to hazards
		#
		#	obs_menu()
		#		added 850mb Moist Trans option
		#
		#	get_psu()
		#		banner formatting adjusted
		#
		#	bug fix - removed line: Menu.obs['ini'] = Menu.obs['ini'].zfill(2)
		#			- updated line: path = Menu.REPO + Menu.obs['ini']
		#			- updated write_file(...) to fix path error
		#

		### UPDATES - 12/12/2017 ###
		#
		#	get_psu()
		#		@PSU url broken, using >168hr url for EURO
		#
		#	get_obs()
		#		added H8FRNT to frozen params list
		#		added H7FRNT 	"	"	"	"	"
		#		added H8TADV	"	"	"	"	"
		#		added H7TADV	"	"	"	"	"

		### UPDATES - 3/11/2018 ###
		#
		#	get_obs()
		#		re-grouped HGHCHG / H8TADV / H7TADV / H8FRNT / H7FRNT to petig list

		### UPDATES - 4/18/2018 ###
		#
		#	get_obs() & obs_menu()
		#		added H3VORT to petig list
		#		added STRECH to hazards
		#		added CANGLE to hazards
		
		
	ScraperSandbox.py
	-----------------
		### ADDED - 3/29/2019 ###
		#
		#	hires_goes(...) is ready for add to menu-1.4.py
		#		consider updating minutes for file name